Traceback (most recent call last):
  File "/opt/anaconda3/lib/python3.8/site-packages/jupyter_cache/executors/utils.py", line 51, in single_nb_execution
    executenb(
  File "/opt/anaconda3/lib/python3.8/site-packages/nbclient/client.py", line 1112, in execute
    return NotebookClient(nb=nb, resources=resources, km=km, **kwargs).execute()
  File "/opt/anaconda3/lib/python3.8/site-packages/nbclient/util.py", line 74, in wrapped
    return just_run(coro(*args, **kwargs))
  File "/opt/anaconda3/lib/python3.8/site-packages/nbclient/util.py", line 53, in just_run
    return loop.run_until_complete(coro)
  File "/opt/anaconda3/lib/python3.8/asyncio/base_events.py", line 616, in run_until_complete
    return future.result()
  File "/opt/anaconda3/lib/python3.8/site-packages/nbclient/client.py", line 553, in async_execute
    await self.async_execute_cell(
  File "/opt/anaconda3/lib/python3.8/site-packages/nbclient/client.py", line 857, in async_execute_cell
    self._check_raise_for_error(cell, exec_reply)
  File "/opt/anaconda3/lib/python3.8/site-packages/nbclient/client.py", line 760, in _check_raise_for_error
    raise CellExecutionError.from_cell_and_msg(cell, exec_reply_content)
nbclient.exceptions.CellExecutionError: An error occurred while executing the following cell:
------------------
# European call option

K = 8000                         # strike price
S = np.linspace(7000, 9000, 100) # index level values
h = np.maximum(S - K, 0)         # inner values of call option

plt.figure()
plt.plot(S, h, lw=2.5) # plot inner values at maturity
plt.xlabel('index level $S_t$ at maturity')
plt.ylabel('inner value of European call option')
plt.title('Inner value of a European call option on a stock index with strike of 8,000 dependent on the index level at maturity')
plt.grid(True);
------------------

[0;31m---------------------------------------------------------------------------[0m
[0;31mNameError[0m                                 Traceback (most recent call last)
[0;32m<ipython-input-1-13df5149b3b1>[0m in [0;36m<module>[0;34m[0m
[1;32m      2[0m [0;34m[0m[0m
[1;32m      3[0m [0mK[0m [0;34m=[0m [0;36m8000[0m                         [0;31m# strike price[0m[0;34m[0m[0;34m[0m[0m
[0;32m----> 4[0;31m [0mS[0m [0;34m=[0m [0mnp[0m[0;34m.[0m[0mlinspace[0m[0;34m([0m[0;36m7000[0m[0;34m,[0m [0;36m9000[0m[0;34m,[0m [0;36m100[0m[0;34m)[0m [0;31m# index level values[0m[0;34m[0m[0;34m[0m[0m
[0m[1;32m      5[0m [0mh[0m [0;34m=[0m [0mnp[0m[0;34m.[0m[0mmaximum[0m[0;34m([0m[0mS[0m [0;34m-[0m [0mK[0m[0;34m,[0m [0;36m0[0m[0;34m)[0m         [0;31m# inner values of call option[0m[0;34m[0m[0;34m[0m[0m
[1;32m      6[0m [0;34m[0m[0m

[0;31mNameError[0m: name 'np' is not defined
NameError: name 'np' is not defined

